Arguments: 
  C:\Program Files\nodejs\node.exe C:\Users\Aleks\AppData\Roaming\npm\node_modules\yarn\bin\yarn.js install

PATH: 
  C:\Program Files (x86)\VMware\VMware Workstation\bin\;C:\Program Files\Common Files\Oracle\Java\javapath;C:\Program Files (x86)\Common Files\Oracle\Java\javapath;C:\Program Files (x86)\Razer\ChromaBroadcast\bin;C:\Program Files\Razer\ChromaBroadcast\bin;C:\Program Files (x86)\Razer Chroma SDK\bin;C:\Program Files\Razer Chroma SDK\bin;C:\Windows\system32;C:\Windows;C:\Windows\System32\Wbem;C:\Windows\System32\WindowsPowerShell\v1.0\;C:\Program Files (x86)\ATI Technologies\ATI.ACE\Core-Static;C:\Program Files\dotnet\;C:\Users\Aleks\AppData\Local\Programs\Microsoft VS Code\bin;C:\Users\Aleks\AppData\Local\GitHubDesktop\bin;C:\WINDOWS\system32;C:\WINDOWS;C:\WINDOWS\System32\Wbem;C:\WINDOWS\System32\WindowsPowerShell\v1.0\;C:\WINDOWS\System32\OpenSSH\;C:\WINDOWS\system32\config\systemprofile\AppData\Local\Microsoft\WindowsApps;C:\Program Files\NVIDIA Corporation\NVIDIA NvDLISR;C:\Program Files (x86)\NVIDIA Corporation\PhysX\Common;C:\Program Files\Git\cmd;C:\Program Files\nodejs\;C:\Program Files\PuTTY\;C:\Users\Aleks\AppData\Local\Programs\Python\Python39\Scripts\;C:\Users\Aleks\AppData\Local\Programs\Python\Python39\;C:\Program Files\MySQL\MySQL Shell 8.0\bin\;C:\Users\Aleks\AppData\Local\Programs\Microsoft VS Code\bin;C:\Users\Aleks\.dotnet\tools;C:\Users\Aleks\AppData\Local\Microsoft\WindowsApps;C:\Users\Aleks\.dotnet\tools;C:\Users\Aleks\AppData\Local\GitHubDesktop\bin;C:\Users\Aleks\AppData\Local\atom\bin;C:\Users\Aleks\AppData\Roaming\npm

Yarn version: 
  1.22.19

Node version: 
  14.17.3

Platform: 
  win32 x64

Trace: 
  Error: EPERM: operation not permitted, copyfile 'C:\Users\Aleks\AppData\Local\Yarn\Cache\v6\npm-ansi-html-community-0.0.8-69fbc4d6ccbe383f9736934ae34c3f8290f1bf41-integrity\node_modules\ansi-html-community\package.json' -> 'C:\Users\Aleks\Desktop\React Course\my-app\node_modules\ansi-html-community\package.json'

npm manifest: 
  {
    "name": "my-app",
    "version": "0.1.0",
    "private": true,
    "dependencies": {
      "@testing-library/jest-dom": "^5.16.5",
      "@testing-library/react": "^13.3.0",
      "@testing-library/user-event": "^13.5.0",
      "react": "^18.2.0",
      "react-dom": "^18.2.0",
      "react-scripts": "5.0.1",
      "web-vitals": "^2.1.4"
    },
    "scripts": {
      "start": "react-scripts start",
      "build": "react-scripts build",
      "test": "react-scripts test",
      "eject": "react-scripts eject"
    },
    "eslintConfig": {
      "extends": [
        "react-app",
        "react-app/jest"
      ]
    },
    "browserslist": {
      "production": [
        ">0.2%",
        "not dead",
        "not op_mini all"
      ],
      "development": [
        "last 1 chrome version",
        "last 1 firefox version",
        "last 1 safari version"
      ]
    }
  }

yarn manifest: 
  No manifest

Lockfile: 
  No lockfile
